Using pre-set license
Built from '2021.1/staging' branch; Version is '2021.1.14f1 (51d2f824827f) revision 5362424'; Using compiler version '192528614'; Build Type 'Release'
OS: 'Windows 10 Home; OS build 19042.1237; Version 2009; 64bit' Language: 'en' Physical Memory: 32648 MB
BatchMode: 1, IsHumanControllingUs: 0, StartBugReporterOnCrash: 0, Is64bit: 1, IsPro: 0

 COMMAND LINE ARGUMENTS:
C:\Program Files\Unity\Hub\Editor\2021.1.14f1\Editor\Unity.exe
-adb2
-batchMode
-noUpm
-name
AssetImportWorker0
-projectPath
C:/Users/Eren MUTLU/Desktop/MathematicsForComputerGamesDevelopmentUsingUnity/Vectors/First3D
-logFile
Logs/AssetImportWorker0.log
-srvPort
57193
Successfully changed project path to: C:/Users/Eren MUTLU/Desktop/MathematicsForComputerGamesDevelopmentUsingUnity/Vectors/First3D
C:/Users/Eren MUTLU/Desktop/MathematicsForComputerGamesDevelopmentUsingUnity/Vectors/First3D
Using Asset Import Pipeline V2.
Refreshing native plugins compatible for Editor in 226.58 ms, found 2 plugins.
Preloading 0 native plugins for Editor in 0.00 ms.
Initialize engine version: 2021.1.14f1 (51d2f824827f)
[Subsystems] Discovering subsystems at path C:/Program Files/Unity/Hub/Editor/2021.1.14f1/Editor/Data/Resources/UnitySubsystems
[Subsystems] Discovering subsystems at path C:/Users/Eren MUTLU/Desktop/MathematicsForComputerGamesDevelopmentUsingUnity/Vectors/First3D/Assets
GfxDevice: creating device client; threaded=0; jobified=0
Direct3D:
    Version:  Direct3D 11.0 [level 11.1]
    Renderer: NVIDIA GeForce GTX 1650 (ID=0x1f91)
    Vendor:   NVIDIA
    VRAM:     3962 MB
    Driver:   27.21.14.5749
Initialize mono
Mono path[0] = 'C:/Program Files/Unity/Hub/Editor/2021.1.14f1/Editor/Data/Managed'
Mono path[1] = 'C:/Program Files/Unity/Hub/Editor/2021.1.14f1/Editor/Data/MonoBleedingEdge/lib/mono/unityjit'
Mono config path = 'C:/Program Files/Unity/Hub/Editor/2021.1.14f1/Editor/Data/MonoBleedingEdge/etc'
Using monoOptions --debugger-agent=transport=dt_socket,embedding=1,server=y,suspend=n,address=127.0.0.1:56532
Begin MonoManager ReloadAssembly
Registering precompiled unity dll's ...
Register platform support module: C:/Program Files/Unity/Hub/Editor/2021.1.14f1/Editor/Data/PlaybackEngines/WebGLSupport/UnityEditor.WebGL.Extensions.dll
Register platform support module: C:/Program Files/Unity/Hub/Editor/2021.1.14f1/Editor/Data/PlaybackEngines/WindowsStandaloneSupport/UnityEditor.WindowsStandalone.Extensions.dll
Registered in 0.007817 seconds.
Native extension for WindowsStandalone target not found
Native extension for WebGL target not found
Refreshing native plugins compatible for Editor in 87.79 ms, found 2 plugins.
Preloading 0 native plugins for Editor in 0.00 ms.
Mono: successfully reloaded assembly
- Completed reload, in  4.779 seconds
Domain Reload Profiling:
	ReloadAssembly (4780ms)
		BeginReloadAssembly (137ms)
			ExecutionOrderSort (0ms)
			DisableScriptedObjects (0ms)
			BackupInstance (0ms)
			ReleaseScriptingObjects (0ms)
			CreateAndSetChildDomain (2ms)
		EndReloadAssembly (1159ms)
			LoadAssemblies (133ms)
			RebuildTransferFunctionScriptingTraits (0ms)
			SetupTypeCache (470ms)
			ReleaseScriptCaches (0ms)
			RebuildScriptCaches (81ms)
			SetupLoadedEditorAssemblies (486ms)
				LogAssemblyErrors (0ms)
				InitializePlatformSupportModulesInManaged (19ms)
				SetLoadedEditorAssemblies (0ms)
				RefreshPlugins (88ms)
				BeforeProcessingInitializeOnLoad (4ms)
				ProcessInitializeOnLoadAttributes (296ms)
				ProcessInitializeOnLoadMethodAttributes (78ms)
				AfterProcessingInitializeOnLoad (0ms)
				EditorAssembliesLoaded (0ms)
			ExecutionOrderSort2 (0ms)
			AwakeInstancesAfterBackupRestoration (0ms)
Platform modules already initialized, skipping
Registering precompiled user dll's ...
Registered in 0.009786 seconds.
Begin MonoManager ReloadAssembly
Native extension for WindowsStandalone target not found
Native extension for WebGL target not found
Refreshing native plugins compatible for Editor in 0.56 ms, found 2 plugins.
Preloading 0 native plugins for Editor in 0.00 ms.
Mono: successfully reloaded assembly
- Completed reload, in  2.912 seconds
Domain Reload Profiling:
	ReloadAssembly (2913ms)
		BeginReloadAssembly (425ms)
			ExecutionOrderSort (0ms)
			DisableScriptedObjects (14ms)
			BackupInstance (0ms)
			ReleaseScriptingObjects (0ms)
			CreateAndSetChildDomain (47ms)
		EndReloadAssembly (2301ms)
			LoadAssemblies (253ms)
			RebuildTransferFunctionScriptingTraits (0ms)
			SetupTypeCache (863ms)
			ReleaseScriptCaches (1ms)
			RebuildScriptCaches (136ms)
			SetupLoadedEditorAssemblies (795ms)
				LogAssemblyErrors (0ms)
				InitializePlatformSupportModulesInManaged (15ms)
				SetLoadedEditorAssemblies (1ms)
				RefreshPlugins (1ms)
				BeforeProcessingInitializeOnLoad (119ms)
				ProcessInitializeOnLoadAttributes (622ms)
				ProcessInitializeOnLoadMethodAttributes (13ms)
				AfterProcessingInitializeOnLoad (22ms)
				EditorAssembliesLoaded (1ms)
			ExecutionOrderSort2 (0ms)
			AwakeInstancesAfterBackupRestoration (19ms)
Platform modules already initialized, skipping
========================================================================
Worker process is ready to serve import requests
Launched and connected shader compiler UnityShaderCompiler.exe after 0.11 seconds
Refreshing native plugins compatible for Editor in 1.09 ms, found 2 plugins.
Preloading 0 native plugins for Editor in 0.00 ms.
Unloading 1404 Unused Serialized files (Serialized files now loaded: 0)
System memory in use before: 66.6 MB.
System memory in use after: 66.7 MB.

Unloading 18 unused Assets to reduce memory usage. Loaded Objects now: 1854.
Total: 4.869500 ms (FindLiveObjects: 0.283400 ms CreateObjectMapping: 0.103500 ms MarkObjects: 4.334300 ms  DeleteObjects: 0.145600 ms)

AssetImportParameters requested are different than current active one (requested -> active):
  custom:framework-win-MediaFoundation: 216162199b28c13a410421893ffa2e32 -> 
  custom:video-decoder-ogg-theora: a1e56fd34408186e4bbccfd4996cb3dc -> 
  custom:container-muxer-webm: aa71ff27fc2769a1b78a27578f13a17b -> 
  custom:container-demuxer-webm: 4f35f7cbe854078d1ac9338744f61a02 -> 
  custom:container-demuxer-ogg: 62fdf1f143b41e24485cea50d1cbac27 -> 
  custom:video-encoder-webm-vp8: eb34c28f22e8b96e1ab97ce403110664 -> 
  custom:video-decoder-webm-vp8: 9c59270c3fd7afecdb556c50c9e8de78 -> 
  custom:audio-decoder-ogg-vorbis: bf7c407c2cedff20999df2af8eb42d56 -> 
  custom:audio-encoder-webm-vorbis: bf7c407c2cedff20999df2af8eb42d56 -> 
========================================================================
Received Import Request.
  path: Assets/HolisticMath.cs
  artifactKey: Guid(38e7e1e84d1224499a47458adda5b7df) Importer(815301076,1909f56bfc062723c751e8b465ee728b)
Start importing Assets/HolisticMath.cs using Guid(38e7e1e84d1224499a47458adda5b7df) Importer(815301076,1909f56bfc062723c751e8b465ee728b)  -> (artifact id: 'ccd7e50310e80975a23009ff409a0d6f') in 0.071114 seconds 
========================================================================
Received Prepare
Registering precompiled user dll's ...
Registered in 0.009938 seconds.
Begin MonoManager ReloadAssembly
Native extension for WindowsStandalone target not found
Native extension for WebGL target not found
Refreshing native plugins compatible for Editor in 0.64 ms, found 2 plugins.
Preloading 0 native plugins for Editor in 0.00 ms.
Mono: successfully reloaded assembly
- Completed reload, in  2.659 seconds
Domain Reload Profiling:
	ReloadAssembly (2660ms)
		BeginReloadAssembly (259ms)
			ExecutionOrderSort (0ms)
			DisableScriptedObjects (15ms)
			BackupInstance (0ms)
			ReleaseScriptingObjects (0ms)
			CreateAndSetChildDomain (68ms)
		EndReloadAssembly (2226ms)
			LoadAssemblies (224ms)
			RebuildTransferFunctionScriptingTraits (0ms)
			SetupTypeCache (859ms)
			ReleaseScriptCaches (2ms)
			RebuildScriptCaches (131ms)
			SetupLoadedEditorAssemblies (703ms)
				LogAssemblyErrors (0ms)
				InitializePlatformSupportModulesInManaged (18ms)
				SetLoadedEditorAssemblies (1ms)
				RefreshPlugins (1ms)
				BeforeProcessingInitializeOnLoad (133ms)
				ProcessInitializeOnLoadAttributes (520ms)
				ProcessInitializeOnLoadMethodAttributes (10ms)
				AfterProcessingInitializeOnLoad (19ms)
				EditorAssembliesLoaded (1ms)
			ExecutionOrderSort2 (0ms)
			AwakeInstancesAfterBackupRestoration (21ms)
Platform modules already initialized, skipping
Refreshing native plugins compatible for Editor in 0.95 ms, found 2 plugins.
Preloading 0 native plugins for Editor in 0.00 ms.
Unloading 1399 Unused Serialized files (Serialized files now loaded: 0)
System memory in use before: 66.6 MB.
System memory in use after: 66.7 MB.

Unloading 13 unused Assets to reduce memory usage. Loaded Objects now: 1857.
Total: 4.451300 ms (FindLiveObjects: 0.262700 ms CreateObjectMapping: 0.126300 ms MarkObjects: 4.012800 ms  DeleteObjects: 0.047500 ms)

AssetImportParameters requested are different than current active one (requested -> active):
  custom:framework-win-MediaFoundation: 216162199b28c13a410421893ffa2e32 -> 
  custom:video-decoder-ogg-theora: a1e56fd34408186e4bbccfd4996cb3dc -> 
  custom:container-muxer-webm: aa71ff27fc2769a1b78a27578f13a17b -> 
  custom:container-demuxer-webm: 4f35f7cbe854078d1ac9338744f61a02 -> 
  custom:container-demuxer-ogg: 62fdf1f143b41e24485cea50d1cbac27 -> 
  custom:video-encoder-webm-vp8: eb34c28f22e8b96e1ab97ce403110664 -> 
  custom:video-decoder-webm-vp8: 9c59270c3fd7afecdb556c50c9e8de78 -> 
  custom:audio-decoder-ogg-vorbis: bf7c407c2cedff20999df2af8eb42d56 -> 
  custom:audio-encoder-webm-vorbis: bf7c407c2cedff20999df2af8eb42d56 -> 
========================================================================
Received Import Request.
  Time since last request: 40.657555 seconds.
  path: Assets/HolisticMath.cs
  artifactKey: Guid(38e7e1e84d1224499a47458adda5b7df) Importer(815301076,1909f56bfc062723c751e8b465ee728b)
Start importing Assets/HolisticMath.cs using Guid(38e7e1e84d1224499a47458adda5b7df) Importer(815301076,1909f56bfc062723c751e8b465ee728b)  -> (artifact id: '94bda72ce9fdee0cd0eb8cc942af19dc') in 0.011222 seconds 
========================================================================
Received Import Request.
  Time since last request: 28.262212 seconds.
  path: Assets/Cartoon_airplane
  artifactKey: Guid(601d8988a8aaf435a83cb15628d0f2cf) Importer(815301076,1909f56bfc062723c751e8b465ee728b)
Start importing Assets/Cartoon_airplane using Guid(601d8988a8aaf435a83cb15628d0f2cf) Importer(815301076,1909f56bfc062723c751e8b465ee728b)  -> (artifact id: 'bdeeafab435a8811d4e14831fcd38270') in 0.025096 seconds 
========================================================================
Received Import Request.
  Time since last request: 2.776368 seconds.
  path: Assets/Cartoon_airplane/3dobjects_FBX/airplane.fbx
  artifactKey: Guid(38f972539f5f1694db2af567d327b6af) Importer(815301076,1909f56bfc062723c751e8b465ee728b)
Start importing Assets/Cartoon_airplane/3dobjects_FBX/airplane.fbx using Guid(38f972539f5f1694db2af567d327b6af) Importer(815301076,1909f56bfc062723c751e8b465ee728b)  -> (artifact id: '34ed19c67073ae2655498786ace895a8') in 1.181754 seconds 
========================================================================
Received Import Request.
  Time since last request: 0.000459 seconds.
  path: Assets/Cartoon_airplane/3dobjects_FBX
  artifactKey: Guid(d6fc7f517a99b874da61b503f9c5632f) Importer(815301076,1909f56bfc062723c751e8b465ee728b)
Start importing Assets/Cartoon_airplane/3dobjects_FBX using Guid(d6fc7f517a99b874da61b503f9c5632f) Importer(815301076,1909f56bfc062723c751e8b465ee728b)  -> (artifact id: 'dbc5cd7e31465f9fd66e44da5892deec') in 0.020972 seconds 
========================================================================
Received Import Request.
  Time since last request: 35.221565 seconds.
  path: Assets/Cartoon_airplane/Prefabs/airplane_01.prefab
  artifactKey: Guid(3fab8c81c7fbbfb4690e34c26cbc2987) Importer(815301076,1909f56bfc062723c751e8b465ee728b)
Start importing Assets/Cartoon_airplane/Prefabs/airplane_01.prefab using Guid(3fab8c81c7fbbfb4690e34c26cbc2987) Importer(815301076,1909f56bfc062723c751e8b465ee728b)  -> (artifact id: '8a65d6de63fc098b87a01d072eb65a7c') in 0.042516 seconds 
========================================================================
Received Import Request.
  Time since last request: 0.000396 seconds.
  path: Assets/Cartoon_airplane/Prefabs/airplane_02.prefab
  artifactKey: Guid(3425c276dcc336349980aec8eea3ebfe) Importer(815301076,1909f56bfc062723c751e8b465ee728b)
Start importing Assets/Cartoon_airplane/Prefabs/airplane_02.prefab using Guid(3425c276dcc336349980aec8eea3ebfe) Importer(815301076,1909f56bfc062723c751e8b465ee728b)  -> (artifact id: '2a99c1e3100070ffa1c17752430ed8bd') in 0.034925 seconds 
========================================================================
Received Import Request.
  Time since last request: 9.329059 seconds.
  path: Assets/Fly.cs
  artifactKey: Guid(8235b448928dd464e9c88cbd7817572e) Importer(815301076,1909f56bfc062723c751e8b465ee728b)
Start importing Assets/Fly.cs using Guid(8235b448928dd464e9c88cbd7817572e) Importer(815301076,1909f56bfc062723c751e8b465ee728b)  -> (artifact id: '110e7b52df484625fd85e86da9c3cc74') in 0.015637 seconds 
AssetImportWorkerClient::OnTransportError - code=2 error=End of file
