Using pre-set license
Built from '2021.1/staging' branch; Version is '2021.1.14f1 (51d2f824827f) revision 5362424'; Using compiler version '192528614'; Build Type 'Release'
OS: 'Windows 10 Home; OS build 19042.1237; Version 2009; 64bit' Language: 'en' Physical Memory: 32648 MB
BatchMode: 1, IsHumanControllingUs: 0, StartBugReporterOnCrash: 0, Is64bit: 1, IsPro: 0

 COMMAND LINE ARGUMENTS:
C:\Program Files\Unity\Hub\Editor\2021.1.14f1\Editor\Unity.exe
-adb2
-batchMode
-noUpm
-name
AssetImportWorker0
-projectPath
C:/Users/Eren MUTLU/Desktop/MathematicsForComputerGamesDevelopmentUsingUnity/Bitwise Operations/BitMasksChallange
-logFile
Logs/AssetImportWorker0.log
-srvPort
62002
Successfully changed project path to: C:/Users/Eren MUTLU/Desktop/MathematicsForComputerGamesDevelopmentUsingUnity/Bitwise Operations/BitMasksChallange
C:/Users/Eren MUTLU/Desktop/MathematicsForComputerGamesDevelopmentUsingUnity/Bitwise Operations/BitMasksChallange
Using Asset Import Pipeline V2.
Refreshing native plugins compatible for Editor in 73.43 ms, found 2 plugins.
Preloading 0 native plugins for Editor in 0.00 ms.
Initialize engine version: 2021.1.14f1 (51d2f824827f)
[Subsystems] Discovering subsystems at path C:/Program Files/Unity/Hub/Editor/2021.1.14f1/Editor/Data/Resources/UnitySubsystems
[Subsystems] Discovering subsystems at path C:/Users/Eren MUTLU/Desktop/MathematicsForComputerGamesDevelopmentUsingUnity/Bitwise Operations/BitMasksChallange/Assets
GfxDevice: creating device client; threaded=0; jobified=0
Direct3D:
    Version:  Direct3D 11.0 [level 11.1]
    Renderer: NVIDIA GeForce GTX 1650 (ID=0x1f91)
    Vendor:   NVIDIA
    VRAM:     3962 MB
    Driver:   27.21.14.5749
Initialize mono
Mono path[0] = 'C:/Program Files/Unity/Hub/Editor/2021.1.14f1/Editor/Data/Managed'
Mono path[1] = 'C:/Program Files/Unity/Hub/Editor/2021.1.14f1/Editor/Data/MonoBleedingEdge/lib/mono/unityjit'
Mono config path = 'C:/Program Files/Unity/Hub/Editor/2021.1.14f1/Editor/Data/MonoBleedingEdge/etc'
Using monoOptions --debugger-agent=transport=dt_socket,embedding=1,server=y,suspend=n,address=127.0.0.1:56408
Begin MonoManager ReloadAssembly
Registering precompiled unity dll's ...
Register platform support module: C:/Program Files/Unity/Hub/Editor/2021.1.14f1/Editor/Data/PlaybackEngines/WebGLSupport/UnityEditor.WebGL.Extensions.dll
Register platform support module: C:/Program Files/Unity/Hub/Editor/2021.1.14f1/Editor/Data/PlaybackEngines/WindowsStandaloneSupport/UnityEditor.WindowsStandalone.Extensions.dll
Registered in 0.006103 seconds.
Native extension for WindowsStandalone target not found
Native extension for WebGL target not found
Refreshing native plugins compatible for Editor in 71.37 ms, found 2 plugins.
Preloading 0 native plugins for Editor in 0.00 ms.
Mono: successfully reloaded assembly
- Completed reload, in  6.336 seconds
Domain Reload Profiling:
	ReloadAssembly (6337ms)
		BeginReloadAssembly (128ms)
			ExecutionOrderSort (0ms)
			DisableScriptedObjects (0ms)
			BackupInstance (0ms)
			ReleaseScriptingObjects (0ms)
			CreateAndSetChildDomain (1ms)
		EndReloadAssembly (1535ms)
			LoadAssemblies (124ms)
			RebuildTransferFunctionScriptingTraits (0ms)
			SetupTypeCache (617ms)
			ReleaseScriptCaches (0ms)
			RebuildScriptCaches (83ms)
			SetupLoadedEditorAssemblies (727ms)
				LogAssemblyErrors (0ms)
				InitializePlatformSupportModulesInManaged (19ms)
				SetLoadedEditorAssemblies (1ms)
				RefreshPlugins (72ms)
				BeforeProcessingInitializeOnLoad (3ms)
				ProcessInitializeOnLoadAttributes (466ms)
				ProcessInitializeOnLoadMethodAttributes (166ms)
				AfterProcessingInitializeOnLoad (0ms)
				EditorAssembliesLoaded (0ms)
			ExecutionOrderSort2 (0ms)
			AwakeInstancesAfterBackupRestoration (0ms)
Platform modules already initialized, skipping
Registering precompiled user dll's ...
Registered in 0.014287 seconds.
Begin MonoManager ReloadAssembly
Native extension for WindowsStandalone target not found
Native extension for WebGL target not found
Refreshing native plugins compatible for Editor in 1.48 ms, found 2 plugins.
Preloading 0 native plugins for Editor in 0.00 ms.
Mono: successfully reloaded assembly
- Completed reload, in  5.084 seconds
Domain Reload Profiling:
	ReloadAssembly (5086ms)
		BeginReloadAssembly (739ms)
			ExecutionOrderSort (0ms)
			DisableScriptedObjects (35ms)
			BackupInstance (0ms)
			ReleaseScriptingObjects (0ms)
			CreateAndSetChildDomain (58ms)
		EndReloadAssembly (4096ms)
			LoadAssemblies (334ms)
			RebuildTransferFunctionScriptingTraits (0ms)
			SetupTypeCache (1536ms)
			ReleaseScriptCaches (2ms)
			RebuildScriptCaches (211ms)
			SetupLoadedEditorAssemblies (1431ms)
				LogAssemblyErrors (0ms)
				InitializePlatformSupportModulesInManaged (34ms)
				SetLoadedEditorAssemblies (3ms)
				RefreshPlugins (2ms)
				BeforeProcessingInitializeOnLoad (265ms)
				ProcessInitializeOnLoadAttributes (1056ms)
				ProcessInitializeOnLoadMethodAttributes (26ms)
				AfterProcessingInitializeOnLoad (43ms)
				EditorAssembliesLoaded (1ms)
			ExecutionOrderSort2 (0ms)
			AwakeInstancesAfterBackupRestoration (44ms)
Platform modules already initialized, skipping
========================================================================
Worker process is ready to serve import requests
Launched and connected shader compiler UnityShaderCompiler.exe after 0.24 seconds
Refreshing native plugins compatible for Editor in 0.49 ms, found 2 plugins.
Preloading 0 native plugins for Editor in 0.00 ms.
Unloading 1405 Unused Serialized files (Serialized files now loaded: 0)
System memory in use before: 67.5 MB.
System memory in use after: 67.5 MB.

Unloading 18 unused Assets to reduce memory usage. Loaded Objects now: 1857.
Total: 5.417400 ms (FindLiveObjects: 0.323900 ms CreateObjectMapping: 0.143200 ms MarkObjects: 4.822700 ms  DeleteObjects: 0.124900 ms)

AssetImportParameters requested are different than current active one (requested -> active):
  custom:framework-win-MediaFoundation: 216162199b28c13a410421893ffa2e32 -> 
  custom:video-decoder-ogg-theora: a1e56fd34408186e4bbccfd4996cb3dc -> 
  custom:container-muxer-webm: aa71ff27fc2769a1b78a27578f13a17b -> 
  custom:container-demuxer-webm: 4f35f7cbe854078d1ac9338744f61a02 -> 
  custom:container-demuxer-ogg: 62fdf1f143b41e24485cea50d1cbac27 -> 
  custom:video-encoder-webm-vp8: eb34c28f22e8b96e1ab97ce403110664 -> 
  custom:video-decoder-webm-vp8: 9c59270c3fd7afecdb556c50c9e8de78 -> 
  custom:audio-decoder-ogg-vorbis: bf7c407c2cedff20999df2af8eb42d56 -> 
  custom:audio-encoder-webm-vorbis: bf7c407c2cedff20999df2af8eb42d56 -> 
========================================================================
Received Import Request.
  path: Assets/key.3ds
  artifactKey: Guid(dffbe4e7e651e48268fa6fa6787addcf) Importer(815301076,1909f56bfc062723c751e8b465ee728b)
Start importing Assets/key.3ds using Guid(dffbe4e7e651e48268fa6fa6787addcf) Importer(815301076,1909f56bfc062723c751e8b465ee728b)  -> (artifact id: '8c8e99d2b85c0937d11db6b8197b1128') in 1.921160 seconds 
========================================================================
Received Import Request.
  Time since last request: 0.000615 seconds.
  path: Assets/Blue.mat
  artifactKey: Guid(af840fc7dd0aa4e82b01719d1cb2eae1) Importer(815301076,1909f56bfc062723c751e8b465ee728b)
Start importing Assets/Blue.mat using Guid(af840fc7dd0aa4e82b01719d1cb2eae1) Importer(815301076,1909f56bfc062723c751e8b465ee728b)  -> (artifact id: '3ea44e55f25d1dc6abfff2ab4c1aeb79') in 0.038038 seconds 
========================================================================
Received Import Request.
  Time since last request: 0.000588 seconds.
  path: Assets/Yellow.mat
  artifactKey: Guid(6a02f60527175424aa0e219e47b28316) Importer(815301076,1909f56bfc062723c751e8b465ee728b)
Start importing Assets/Yellow.mat using Guid(6a02f60527175424aa0e219e47b28316) Importer(815301076,1909f56bfc062723c751e8b465ee728b)  -> (artifact id: '545383d10c4879f9a3fd2b62364cc888') in 0.043708 seconds 
========================================================================
Received Import Request.
  Time since last request: 0.000703 seconds.
  path: Assets/Red.mat
  artifactKey: Guid(3b96307c90a434b5eb10561d1356ebc2) Importer(815301076,1909f56bfc062723c751e8b465ee728b)
Start importing Assets/Red.mat using Guid(3b96307c90a434b5eb10561d1356ebc2) Importer(815301076,1909f56bfc062723c751e8b465ee728b)  -> (artifact id: '74b10814e30b5b0189dc18ac6dcb4cc5') in 0.042307 seconds 
========================================================================
Received Import Request.
  Time since last request: 0.000585 seconds.
  path: Assets/CombatJane.prefab
  artifactKey: Guid(2d70c42586e2a4993ab0c98d4f4658cc) Importer(815301076,1909f56bfc062723c751e8b465ee728b)
Start importing Assets/CombatJane.prefab using Guid(2d70c42586e2a4993ab0c98d4f4658cc) Importer(815301076,1909f56bfc062723c751e8b465ee728b)  -> (artifact id: '72adb4f6d1e618acf423242346a5a022') in 0.732518 seconds 
========================================================================
Received Import Request.
  Time since last request: 0.000393 seconds.
  path: Assets/Free_Door.obj
  artifactKey: Guid(44a8d2c7635864894b4533800ddf2906) Importer(815301076,1909f56bfc062723c751e8b465ee728b)
Start importing Assets/Free_Door.obj using Guid(44a8d2c7635864894b4533800ddf2906) Importer(815301076,1909f56bfc062723c751e8b465ee728b)  -> (artifact id: '9b7e835ffe5aa6d643e64cd32440ad22') in 0.045776 seconds 
========================================================================
Received Import Request.
  Time since last request: 0.000376 seconds.
  path: Assets/Green.mat
  artifactKey: Guid(7e3cf78c4868745678737f37136da113) Importer(815301076,1909f56bfc062723c751e8b465ee728b)
Start importing Assets/Green.mat using Guid(7e3cf78c4868745678737f37136da113) Importer(815301076,1909f56bfc062723c751e8b465ee728b)  -> (artifact id: '56f383d9a9b3d4307977d39180faf623') in 0.024455 seconds 
========================================================================
Received Import Request.
  Time since last request: 0.000495 seconds.
  path: Assets/Purple.mat
  artifactKey: Guid(2874f198aa9ca47a09bbf77535207139) Importer(815301076,1909f56bfc062723c751e8b465ee728b)
Start importing Assets/Purple.mat using Guid(2874f198aa9ca47a09bbf77535207139) Importer(815301076,1909f56bfc062723c751e8b465ee728b)  -> (artifact id: '7c1de3cc384ef9493d420d19f0e4a6b4') in 0.034476 seconds 
========================================================================
Received Import Request.
  Time since last request: 26.507838 seconds.
  path: Assets/Textures/TexturesCom_BrickJapanese0071_2_seamless_S.jpg
  artifactKey: Guid(3950a50d6f8f64b6db71bd9004bab66c) Importer(815301076,1909f56bfc062723c751e8b465ee728b)
Start importing Assets/Textures/TexturesCom_BrickJapanese0071_2_seamless_S.jpg using Guid(3950a50d6f8f64b6db71bd9004bab66c) Importer(815301076,1909f56bfc062723c751e8b465ee728b)  -> (artifact id: 'd05121da187551a926e30d918a3b96af') in 0.043347 seconds 
========================================================================
Received Import Request.
  Time since last request: 0.000459 seconds.
  path: Assets/Textures/TexturesCom_Rock_CliffSnow_512_albedo.tif
  artifactKey: Guid(b353e054127fd4ebbaa6375626c99134) Importer(815301076,1909f56bfc062723c751e8b465ee728b)
Start importing Assets/Textures/TexturesCom_Rock_CliffSnow_512_albedo.tif using Guid(b353e054127fd4ebbaa6375626c99134) Importer(815301076,1909f56bfc062723c751e8b465ee728b)  -> (artifact id: '594bb78714031622531fdf7c3adfe439') in 0.054802 seconds 
========================================================================
Received Import Request.
  Time since last request: 0.000865 seconds.
  path: Assets/Textures/TexturesCom_Rock_CliffSnow_512_normal.tif
  artifactKey: Guid(a3e13878d67ca4c9687fa6c90e1dc597) Importer(815301076,1909f56bfc062723c751e8b465ee728b)
Start importing Assets/Textures/TexturesCom_Rock_CliffSnow_512_normal.tif using Guid(a3e13878d67ca4c9687fa6c90e1dc597) Importer(815301076,1909f56bfc062723c751e8b465ee728b)  -> (artifact id: '489111bd1ead96fba5f06db8ca1c4bfb') in 0.061215 seconds 
========================================================================
Received Prepare
Registering precompiled user dll's ...
Registered in 0.010291 seconds.
Begin MonoManager ReloadAssembly
Native extension for WindowsStandalone target not found
Native extension for WebGL target not found
Refreshing native plugins compatible for Editor in 3.35 ms, found 2 plugins.
Preloading 0 native plugins for Editor in 0.00 ms.
Mono: successfully reloaded assembly
- Completed reload, in  3.587 seconds
Domain Reload Profiling:
	ReloadAssembly (3588ms)
		BeginReloadAssembly (365ms)
			ExecutionOrderSort (0ms)
			DisableScriptedObjects (14ms)
			BackupInstance (0ms)
			ReleaseScriptingObjects (0ms)
			CreateAndSetChildDomain (130ms)
		EndReloadAssembly (2895ms)
			LoadAssemblies (258ms)
			RebuildTransferFunctionScriptingTraits (0ms)
			SetupTypeCache (1157ms)
			ReleaseScriptCaches (2ms)
			RebuildScriptCaches (147ms)
			SetupLoadedEditorAssemblies (920ms)
				LogAssemblyErrors (0ms)
				InitializePlatformSupportModulesInManaged (31ms)
				SetLoadedEditorAssemblies (2ms)
				RefreshPlugins (4ms)
				BeforeProcessingInitializeOnLoad (188ms)
				ProcessInitializeOnLoadAttributes (668ms)
				ProcessInitializeOnLoadMethodAttributes (11ms)
				AfterProcessingInitializeOnLoad (15ms)
				EditorAssembliesLoaded (0ms)
			ExecutionOrderSort2 (0ms)
			AwakeInstancesAfterBackupRestoration (43ms)
Platform modules already initialized, skipping
Refreshing native plugins compatible for Editor in 1.13 ms, found 2 plugins.
Preloading 0 native plugins for Editor in 0.00 ms.
Unloading 1403 Unused Serialized files (Serialized files now loaded: 0)
System memory in use before: 87.9 MB.
System memory in use after: 88.0 MB.

Unloading 13 unused Assets to reduce memory usage. Loaded Objects now: 1952.
Total: 6.283900 ms (FindLiveObjects: 0.587300 ms CreateObjectMapping: 0.181900 ms MarkObjects: 5.472100 ms  DeleteObjects: 0.037400 ms)

AssetImportParameters requested are different than current active one (requested -> active):
  custom:framework-win-MediaFoundation: 216162199b28c13a410421893ffa2e32 -> 
  custom:video-decoder-ogg-theora: a1e56fd34408186e4bbccfd4996cb3dc -> 
  custom:container-muxer-webm: aa71ff27fc2769a1b78a27578f13a17b -> 
  custom:container-demuxer-webm: 4f35f7cbe854078d1ac9338744f61a02 -> 
  custom:container-demuxer-ogg: 62fdf1f143b41e24485cea50d1cbac27 -> 
  custom:video-encoder-webm-vp8: eb34c28f22e8b96e1ab97ce403110664 -> 
  custom:video-decoder-webm-vp8: 9c59270c3fd7afecdb556c50c9e8de78 -> 
  custom:audio-decoder-ogg-vorbis: bf7c407c2cedff20999df2af8eb42d56 -> 
  custom:audio-encoder-webm-vorbis: bf7c407c2cedff20999df2af8eb42d56 -> 
========================================================================
Received Import Request.
  Time since last request: 330.644706 seconds.
  path: Assets/Materials/TexturesCom_BrickJapanese0071_2_seamless_S.mat
  artifactKey: Guid(28b596ceef02843a3b9af28b633a68ef) Importer(815301076,1909f56bfc062723c751e8b465ee728b)
Start importing Assets/Materials/TexturesCom_BrickJapanese0071_2_seamless_S.mat using Guid(28b596ceef02843a3b9af28b633a68ef) Importer(815301076,1909f56bfc062723c751e8b465ee728b)  -> (artifact id: 'bf4edd06f1696275c4b62576b1d59c92') in 0.116292 seconds 
========================================================================
Received Import Request.
  Time since last request: 0.000662 seconds.
  path: Assets/Materials/TexturesCom_Rock_CliffSnow_512_albedo.mat
  artifactKey: Guid(f586e8bf8bda84dbb9cadfe49258076f) Importer(815301076,1909f56bfc062723c751e8b465ee728b)
Start importing Assets/Materials/TexturesCom_Rock_CliffSnow_512_albedo.mat using Guid(f586e8bf8bda84dbb9cadfe49258076f) Importer(815301076,1909f56bfc062723c751e8b465ee728b)  -> (artifact id: '4328472409e0dbf1cace88f95676a4e3') in 0.035862 seconds 
========================================================================
Received Import Request.
  Time since last request: 0.963378 seconds.
  path: Assets/CombatJane/CombatJane.fbx
  artifactKey: Guid(f6dc86146eb5f43359992a9f0261d4c7) Importer(815301076,1909f56bfc062723c751e8b465ee728b)
Start importing Assets/CombatJane/CombatJane.fbx using Guid(f6dc86146eb5f43359992a9f0261d4c7) Importer(815301076,1909f56bfc062723c751e8b465ee728b)  -> (artifact id: '2a291cbacb7530abaef6ddab4b9b5ea7') in 0.266256 seconds 
========================================================================
Received Import Request.
  Time since last request: 0.000388 seconds.
  path: Assets/CombatJane/CombatJane@idle.fbx
  artifactKey: Guid(6a86bf311fc4b4839884efc5aa50dee8) Importer(815301076,1909f56bfc062723c751e8b465ee728b)
Start importing Assets/CombatJane/CombatJane@idle.fbx using Guid(6a86bf311fc4b4839884efc5aa50dee8) Importer(815301076,1909f56bfc062723c751e8b465ee728b)  -> (artifact id: '1c04c4e751b46d1d811db91ddfb5aa70') in 0.028796 seconds 
========================================================================
Received Import Request.
  Time since last request: 0.000507 seconds.
  path: Assets/CombatJane/CombatJane@running_inPlace.fbx
  artifactKey: Guid(c80403fc19d5e467e80658ce8c55783a) Importer(815301076,1909f56bfc062723c751e8b465ee728b)
Start importing Assets/CombatJane/CombatJane@running_inPlace.fbx using Guid(c80403fc19d5e467e80658ce8c55783a) Importer(815301076,1909f56bfc062723c751e8b465ee728b)  -> (artifact id: '885d208434aa3b62fb02b447340e6c52') in 0.062583 seconds 
AssetImportWorkerClient::OnTransportError - code=2 error=End of file
