Using pre-set license
Built from '2021.1/staging' branch; Version is '2021.1.14f1 (51d2f824827f) revision 5362424'; Using compiler version '192528614'; Build Type 'Release'
OS: 'Windows 10 Home; OS build 19042.1237; Version 2009; 64bit' Language: 'en' Physical Memory: 32648 MB
BatchMode: 1, IsHumanControllingUs: 0, StartBugReporterOnCrash: 0, Is64bit: 1, IsPro: 0

 COMMAND LINE ARGUMENTS:
C:\Program Files\Unity\Hub\Editor\2021.1.14f1\Editor\Unity.exe
-adb2
-batchMode
-noUpm
-name
AssetImportWorker0
-projectPath
C:/Users/Eren MUTLU/Desktop/MathematicsForComputerGamesDevelopmentUsingUnity/Bitwise Operations/BitMasks
-logFile
Logs/AssetImportWorker0.log
-srvPort
63522
Successfully changed project path to: C:/Users/Eren MUTLU/Desktop/MathematicsForComputerGamesDevelopmentUsingUnity/Bitwise Operations/BitMasks
C:/Users/Eren MUTLU/Desktop/MathematicsForComputerGamesDevelopmentUsingUnity/Bitwise Operations/BitMasks
Using Asset Import Pipeline V2.
Refreshing native plugins compatible for Editor in 63.86 ms, found 2 plugins.
Preloading 0 native plugins for Editor in 0.00 ms.
Initialize engine version: 2021.1.14f1 (51d2f824827f)
[Subsystems] Discovering subsystems at path C:/Program Files/Unity/Hub/Editor/2021.1.14f1/Editor/Data/Resources/UnitySubsystems
[Subsystems] Discovering subsystems at path C:/Users/Eren MUTLU/Desktop/MathematicsForComputerGamesDevelopmentUsingUnity/Bitwise Operations/BitMasks/Assets
GfxDevice: creating device client; threaded=0; jobified=0
Direct3D:
    Version:  Direct3D 11.0 [level 11.1]
    Renderer: NVIDIA GeForce GTX 1650 (ID=0x1f91)
    Vendor:   NVIDIA
    VRAM:     3962 MB
    Driver:   27.21.14.5749
Initialize mono
Mono path[0] = 'C:/Program Files/Unity/Hub/Editor/2021.1.14f1/Editor/Data/Managed'
Mono path[1] = 'C:/Program Files/Unity/Hub/Editor/2021.1.14f1/Editor/Data/MonoBleedingEdge/lib/mono/unityjit'
Mono config path = 'C:/Program Files/Unity/Hub/Editor/2021.1.14f1/Editor/Data/MonoBleedingEdge/etc'
Using monoOptions --debugger-agent=transport=dt_socket,embedding=1,server=y,suspend=n,address=127.0.0.1:56408
Begin MonoManager ReloadAssembly
Registering precompiled unity dll's ...
Register platform support module: C:/Program Files/Unity/Hub/Editor/2021.1.14f1/Editor/Data/PlaybackEngines/WebGLSupport/UnityEditor.WebGL.Extensions.dll
Register platform support module: C:/Program Files/Unity/Hub/Editor/2021.1.14f1/Editor/Data/PlaybackEngines/WindowsStandaloneSupport/UnityEditor.WindowsStandalone.Extensions.dll
Registered in 0.004962 seconds.
Native extension for WindowsStandalone target not found
Native extension for WebGL target not found
Refreshing native plugins compatible for Editor in 202.75 ms, found 2 plugins.
Preloading 0 native plugins for Editor in 0.00 ms.
Mono: successfully reloaded assembly
- Completed reload, in  5.763 seconds
Domain Reload Profiling:
	ReloadAssembly (5763ms)
		BeginReloadAssembly (91ms)
			ExecutionOrderSort (0ms)
			DisableScriptedObjects (0ms)
			BackupInstance (0ms)
			ReleaseScriptingObjects (0ms)
			CreateAndSetChildDomain (2ms)
		EndReloadAssembly (1504ms)
			LoadAssemblies (88ms)
			RebuildTransferFunctionScriptingTraits (0ms)
			SetupTypeCache (431ms)
			ReleaseScriptCaches (0ms)
			RebuildScriptCaches (96ms)
			SetupLoadedEditorAssemblies (867ms)
				LogAssemblyErrors (0ms)
				InitializePlatformSupportModulesInManaged (38ms)
				SetLoadedEditorAssemblies (1ms)
				RefreshPlugins (203ms)
				BeforeProcessingInitializeOnLoad (8ms)
				ProcessInitializeOnLoadAttributes (522ms)
				ProcessInitializeOnLoadMethodAttributes (94ms)
				AfterProcessingInitializeOnLoad (0ms)
				EditorAssembliesLoaded (0ms)
			ExecutionOrderSort2 (0ms)
			AwakeInstancesAfterBackupRestoration (0ms)
Platform modules already initialized, skipping
Registering precompiled user dll's ...
Registered in 0.006825 seconds.
Begin MonoManager ReloadAssembly
Native extension for WindowsStandalone target not found
Native extension for WebGL target not found
Refreshing native plugins compatible for Editor in 0.72 ms, found 2 plugins.
Preloading 0 native plugins for Editor in 0.00 ms.
Mono: successfully reloaded assembly
- Completed reload, in  4.189 seconds
Domain Reload Profiling:
	ReloadAssembly (4191ms)
		BeginReloadAssembly (835ms)
			ExecutionOrderSort (0ms)
			DisableScriptedObjects (25ms)
			BackupInstance (0ms)
			ReleaseScriptingObjects (0ms)
			CreateAndSetChildDomain (122ms)
		EndReloadAssembly (3177ms)
			LoadAssemblies (301ms)
			RebuildTransferFunctionScriptingTraits (0ms)
			SetupTypeCache (1531ms)
			ReleaseScriptCaches (1ms)
			RebuildScriptCaches (136ms)
			SetupLoadedEditorAssemblies (889ms)
				LogAssemblyErrors (0ms)
				InitializePlatformSupportModulesInManaged (17ms)
				SetLoadedEditorAssemblies (2ms)
				RefreshPlugins (1ms)
				BeforeProcessingInitializeOnLoad (130ms)
				ProcessInitializeOnLoadAttributes (697ms)
				ProcessInitializeOnLoadMethodAttributes (14ms)
				AfterProcessingInitializeOnLoad (29ms)
				EditorAssembliesLoaded (1ms)
			ExecutionOrderSort2 (0ms)
			AwakeInstancesAfterBackupRestoration (22ms)
Platform modules already initialized, skipping
========================================================================
Worker process is ready to serve import requests
Launched and connected shader compiler UnityShaderCompiler.exe after 0.26 seconds
Refreshing native plugins compatible for Editor in 0.88 ms, found 2 plugins.
Preloading 0 native plugins for Editor in 0.00 ms.
Unloading 1405 Unused Serialized files (Serialized files now loaded: 0)
System memory in use before: 67.3 MB.
System memory in use after: 67.4 MB.

Unloading 18 unused Assets to reduce memory usage. Loaded Objects now: 1857.
Total: 8.228400 ms (FindLiveObjects: 0.556900 ms CreateObjectMapping: 0.221300 ms MarkObjects: 7.198900 ms  DeleteObjects: 0.247300 ms)

AssetImportParameters requested are different than current active one (requested -> active):
  custom:framework-win-MediaFoundation: 216162199b28c13a410421893ffa2e32 -> 
  custom:video-decoder-ogg-theora: a1e56fd34408186e4bbccfd4996cb3dc -> 
  custom:container-muxer-webm: aa71ff27fc2769a1b78a27578f13a17b -> 
  custom:container-demuxer-webm: 4f35f7cbe854078d1ac9338744f61a02 -> 
  custom:container-demuxer-ogg: 62fdf1f143b41e24485cea50d1cbac27 -> 
  custom:video-encoder-webm-vp8: eb34c28f22e8b96e1ab97ce403110664 -> 
  custom:video-decoder-webm-vp8: 9c59270c3fd7afecdb556c50c9e8de78 -> 
  custom:audio-decoder-ogg-vorbis: bf7c407c2cedff20999df2af8eb42d56 -> 
  custom:audio-encoder-webm-vorbis: bf7c407c2cedff20999df2af8eb42d56 -> 
========================================================================
Received Import Request.
  path: Assets/key.3ds
  artifactKey: Guid(dffbe4e7e651e48268fa6fa6787addcf) Importer(815301076,1909f56bfc062723c751e8b465ee728b)
Start importing Assets/key.3ds using Guid(dffbe4e7e651e48268fa6fa6787addcf) Importer(815301076,1909f56bfc062723c751e8b465ee728b)  -> (artifact id: '8c8e99d2b85c0937d11db6b8197b1128') in 1.399232 seconds 
========================================================================
Received Import Request.
  Time since last request: 0.000356 seconds.
  path: Assets/CombatJane.prefab
  artifactKey: Guid(2d70c42586e2a4993ab0c98d4f4658cc) Importer(815301076,1909f56bfc062723c751e8b465ee728b)
Start importing Assets/CombatJane.prefab using Guid(2d70c42586e2a4993ab0c98d4f4658cc) Importer(815301076,1909f56bfc062723c751e8b465ee728b)  -> (artifact id: '72adb4f6d1e618acf423242346a5a022') in 0.586098 seconds 
========================================================================
Received Import Request.
  Time since last request: 0.000517 seconds.
  path: Assets/Free_Door.obj
  artifactKey: Guid(44a8d2c7635864894b4533800ddf2906) Importer(815301076,1909f56bfc062723c751e8b465ee728b)
Start importing Assets/Free_Door.obj using Guid(44a8d2c7635864894b4533800ddf2906) Importer(815301076,1909f56bfc062723c751e8b465ee728b)  -> (artifact id: '9b7e835ffe5aa6d643e64cd32440ad22') in 0.065482 seconds 
========================================================================
Received Import Request.
  Time since last request: 119.764853 seconds.
  path: Assets/Textures/charisma.png
  artifactKey: Guid(eaf159807397d4092ad2085ef3f6778e) Importer(815301076,1909f56bfc062723c751e8b465ee728b)
Start importing Assets/Textures/charisma.png using Guid(eaf159807397d4092ad2085ef3f6778e) Importer(815301076,1909f56bfc062723c751e8b465ee728b)  -> (artifact id: 'b93e60332b857fbda7166725c2887eba') in 0.041705 seconds 
========================================================================
Received Import Request.
  Time since last request: 0.000473 seconds.
  path: Assets/Textures/TexturesCom_BrickJapanese0071_2_seamless_S.jpg
  artifactKey: Guid(3950a50d6f8f64b6db71bd9004bab66c) Importer(815301076,1909f56bfc062723c751e8b465ee728b)
Start importing Assets/Textures/TexturesCom_BrickJapanese0071_2_seamless_S.jpg using Guid(3950a50d6f8f64b6db71bd9004bab66c) Importer(815301076,1909f56bfc062723c751e8b465ee728b)  -> (artifact id: 'd05121da187551a926e30d918a3b96af') in 0.050661 seconds 
========================================================================
Received Import Request.
  Time since last request: 0.000865 seconds.
  path: Assets/Textures/Invisible.png
  artifactKey: Guid(19b5e4ffd7710490496369befd7a58d9) Importer(815301076,1909f56bfc062723c751e8b465ee728b)
Start importing Assets/Textures/Invisible.png using Guid(19b5e4ffd7710490496369befd7a58d9) Importer(815301076,1909f56bfc062723c751e8b465ee728b)  -> (artifact id: 'b1423330ea26d1a4aee980f33e52a88e') in 0.057018 seconds 
========================================================================
Received Import Request.
  Time since last request: 0.000934 seconds.
  path: Assets/Textures/Fly.png
  artifactKey: Guid(ab2cf6bbe3b784b4b9134e15f50513f1) Importer(815301076,1909f56bfc062723c751e8b465ee728b)
Start importing Assets/Textures/Fly.png using Guid(ab2cf6bbe3b784b4b9134e15f50513f1) Importer(815301076,1909f56bfc062723c751e8b465ee728b)  -> (artifact id: '14cd46c55ca15d19ac0a3929290ffa99') in 0.056731 seconds 
========================================================================
Received Import Request.
  Time since last request: 0.000699 seconds.
  path: Assets/Textures/magic.png
  artifactKey: Guid(05c65ac3f2d9945a7be11df02aca9642) Importer(815301076,1909f56bfc062723c751e8b465ee728b)
Start importing Assets/Textures/magic.png using Guid(05c65ac3f2d9945a7be11df02aca9642) Importer(815301076,1909f56bfc062723c751e8b465ee728b)  -> (artifact id: '1a5cd415029267f651e5cb8daf9dbeeb') in 0.048520 seconds 
========================================================================
Received Import Request.
  Time since last request: 0.000751 seconds.
  path: Assets/Textures/Intelligence.png
  artifactKey: Guid(62f6ca36be74b413ab27aa54a1ec5264) Importer(815301076,1909f56bfc062723c751e8b465ee728b)
Start importing Assets/Textures/Intelligence.png using Guid(62f6ca36be74b413ab27aa54a1ec5264) Importer(815301076,1909f56bfc062723c751e8b465ee728b)  -> (artifact id: '636e791ac794dee664e15b6de0c4db48') in 0.048680 seconds 
========================================================================
Received Import Request.
  Time since last request: 0.000699 seconds.
  path: Assets/Textures/TexturesCom_Rock_CliffSnow_512_albedo.tif
  artifactKey: Guid(b353e054127fd4ebbaa6375626c99134) Importer(815301076,1909f56bfc062723c751e8b465ee728b)
Start importing Assets/Textures/TexturesCom_Rock_CliffSnow_512_albedo.tif using Guid(b353e054127fd4ebbaa6375626c99134) Importer(815301076,1909f56bfc062723c751e8b465ee728b)  -> (artifact id: '594bb78714031622531fdf7c3adfe439') in 0.061121 seconds 
========================================================================
Received Import Request.
  Time since last request: 0.000657 seconds.
  path: Assets/Textures/TexturesCom_Rock_CliffSnow_512_normal.tif
  artifactKey: Guid(a3e13878d67ca4c9687fa6c90e1dc597) Importer(815301076,1909f56bfc062723c751e8b465ee728b)
Start importing Assets/Textures/TexturesCom_Rock_CliffSnow_512_normal.tif using Guid(a3e13878d67ca4c9687fa6c90e1dc597) Importer(815301076,1909f56bfc062723c751e8b465ee728b)  -> (artifact id: '489111bd1ead96fba5f06db8ca1c4bfb') in 0.070556 seconds 
========================================================================
Received Prepare
Registering precompiled user dll's ...
Registered in 0.015654 seconds.
Begin MonoManager ReloadAssembly
Native extension for WindowsStandalone target not found
Native extension for WebGL target not found
Refreshing native plugins compatible for Editor in 1.06 ms, found 2 plugins.
Preloading 0 native plugins for Editor in 0.00 ms.
Mono: successfully reloaded assembly
- Completed reload, in  3.779 seconds
Domain Reload Profiling:
	ReloadAssembly (3780ms)
		BeginReloadAssembly (328ms)
			ExecutionOrderSort (0ms)
			DisableScriptedObjects (19ms)
			BackupInstance (0ms)
			ReleaseScriptingObjects (0ms)
			CreateAndSetChildDomain (102ms)
		EndReloadAssembly (3227ms)
			LoadAssemblies (231ms)
			RebuildTransferFunctionScriptingTraits (0ms)
			SetupTypeCache (1376ms)
			ReleaseScriptCaches (3ms)
			RebuildScriptCaches (182ms)
			SetupLoadedEditorAssemblies (977ms)
				LogAssemblyErrors (0ms)
				InitializePlatformSupportModulesInManaged (24ms)
				SetLoadedEditorAssemblies (2ms)
				RefreshPlugins (1ms)
				BeforeProcessingInitializeOnLoad (185ms)
				ProcessInitializeOnLoadAttributes (728ms)
				ProcessInitializeOnLoadMethodAttributes (13ms)
				AfterProcessingInitializeOnLoad (24ms)
				EditorAssembliesLoaded (1ms)
			ExecutionOrderSort2 (0ms)
			AwakeInstancesAfterBackupRestoration (55ms)
Platform modules already initialized, skipping
Refreshing native plugins compatible for Editor in 1.02 ms, found 2 plugins.
Preloading 0 native plugins for Editor in 0.00 ms.
Unloading 1408 Unused Serialized files (Serialized files now loaded: 0)
System memory in use before: 90.2 MB.
System memory in use after: 90.3 MB.

Unloading 13 unused Assets to reduce memory usage. Loaded Objects now: 2027.
Total: 6.454700 ms (FindLiveObjects: 0.429200 ms CreateObjectMapping: 0.154600 ms MarkObjects: 5.808300 ms  DeleteObjects: 0.060300 ms)

AssetImportParameters requested are different than current active one (requested -> active):
  custom:framework-win-MediaFoundation: 216162199b28c13a410421893ffa2e32 -> 
  custom:video-decoder-ogg-theora: a1e56fd34408186e4bbccfd4996cb3dc -> 
  custom:container-muxer-webm: aa71ff27fc2769a1b78a27578f13a17b -> 
  custom:container-demuxer-webm: 4f35f7cbe854078d1ac9338744f61a02 -> 
  custom:container-demuxer-ogg: 62fdf1f143b41e24485cea50d1cbac27 -> 
  custom:video-encoder-webm-vp8: eb34c28f22e8b96e1ab97ce403110664 -> 
  custom:video-decoder-webm-vp8: 9c59270c3fd7afecdb556c50c9e8de78 -> 
  custom:audio-decoder-ogg-vorbis: bf7c407c2cedff20999df2af8eb42d56 -> 
  custom:audio-encoder-webm-vorbis: bf7c407c2cedff20999df2af8eb42d56 -> 
AssetImportWorkerClient::OnTransportError - code=2 error=End of file
